*
II_028_4,            	546974.067	 73491.377
----------------------------------------------------------------------
                 106	546961.983	 73485.557
                 105	546981.248	 73503.046	    26.019
                 108	546987.161	 73498.522	     7.445
                 232	546985.460	 73497.820	     1.840
                 107	546967.199	 73481.566	    24.447
                 106	546961.983	 73485.557	     6.568
**--------------------------------------------------------------------
     171.924662		

*
I_028_18,            	547173.970	 73573.107
----------------------------------------------------------------------
                 103	547162.208	 73566.203
                 124	547163.137	 73571.130	     5.014
                 123	547185.198	 73580.165	    23.839
                 104	547184.276	 73575.275	     4.976
                 103	547162.208	 73566.203	    23.860
**--------------------------------------------------------------------
      99.924584		

*
I_028_20,            	547205.852	 73310.148
----------------------------------------------------------------------
                 107	546967.199	 73481.566
                 232	546985.460	 73497.820	    24.447
                 108	546987.161	 73498.522	     1.840
                 109	547096.680	 73414.730	   137.897
                 110	547111.187	 73433.680	    23.865
                 111	547128.171	 73420.012	    21.801
                 112	547114.730	 73402.440	    22.123
                 113	547193.939	 73341.838	    99.733
                 114	547193.550	 73341.330	     0.640
                 115	547405.890	 73168.480	   273.798
                 116	547426.773	 73157.276	    23.699
                 117	547407.377	 73137.936	    27.391
                 118	547391.370	 73146.520	    18.163
                 119	547177.539	 73320.592	   275.726
                 120	547170.577	 73311.628	    11.350
                 265	547168.540	 73313.210	     2.579
                 121	547154.185	 73323.130	    17.449
                 122	547161.676	 73332.778	    12.215
                 107	546967.199	 73481.566	   244.866
**--------------------------------------------------------------------
   15332.398309		

*
I_028_4,             	547175.072	 73579.171
----------------------------------------------------------------------
                 123	547185.198	 73580.165
                 124	547163.137	 73571.130	    23.839
                 102	547164.631	 73579.056	     8.066
                 101	547186.695	 73588.105	    23.848
                 123	547185.198	 73580.165	     8.080
**--------------------------------------------------------------------
     161.499502		

	***
***

