*
I_028_6,             	547422.168	 73147.840
----------------------------------------------------------------------
                 108	547407.377	 73137.936
                 105	547426.773	 73157.276	    27.391
                 106	547431.740	 73154.612	     5.636
                 107	547412.713	 73135.074	    27.272
                 108	547407.377	 73137.936	     6.055
**--------------------------------------------------------------------
     153.221383		

*
I_029,               	547620.458	 73041.369
----------------------------------------------------------------------
                 104	547604.741	 73032.098
                 101	547622.147	 73052.458	    26.786
                 102	547631.411	 73047.488	    10.513
                 103	547614.308	 73026.968	    26.713
                 104	547604.741	 73032.098	    10.856
**--------------------------------------------------------------------
     279.588045		

	***
***
