*
I_012_1,             	546925.961	 73020.363
----------------------------------------------------------------------
                 103	546892.864	 72972.062
                 104	546883.845	 72980.749	    12.522
                 105	547033.485	 73163.578	   236.260
                 106	547059.700	 73197.347	    42.750
                 181	547066.620	 73184.340	    14.733
                 103	546892.864	 72972.062	   274.323
**--------------------------------------------------------------------
    3474.913437		

*
I_012_2,             	546936.573	 72940.530
----------------------------------------------------------------------
                 102	546959.795	 72907.599
                 103	546892.864	 72972.062	    92.926
                 181	547066.620	 73184.340	   274.323
                 107	547067.421	 73182.833	     1.707
                 108	547045.215	 73154.228	    36.213
                 109	546904.215	 72981.955	   222.618
                 101	546970.201	 72918.403	    91.613
                 102	546959.795	 72907.599	    15.000
**--------------------------------------------------------------------
    2036.683852		

	***
***
