*
I_025_2,             	544505.339	 76371.183
----------------------------------------------------------------------
                 104	544487.464	 76367.296
                 168	544510.380	 76377.570	    25.114
                 109	544508.175	 76380.334	     3.536
                 110	544519.687	 76375.537	    12.471
                 167	544519.900	 76375.270	     0.342
                 111	544516.974	 76373.958	     3.207
                 102	544498.188	 76365.535	    20.588
                 103	544495.058	 76364.132	     3.430
                 104	544487.464	 76367.296	     8.227
**--------------------------------------------------------------------
     168.500606		

*
I_025_42,            	544145.512	 76518.608
----------------------------------------------------------------------
                 105	544409.209	 76399.904
                 106	544071.150	 76540.770	   366.234
                 107	544078.850	 76559.230	    20.002
                 108	544446.408	 76406.072	   398.191
                 105	544409.209	 76399.904	    37.707
**--------------------------------------------------------------------
    7644.829763		

*
I_025_43,            	544466.882	 76386.739
----------------------------------------------------------------------
                 104	544487.464	 76367.296
                 105	544409.209	 76399.904	    84.777
                 108	544446.408	 76406.072	    37.707
                 109	544508.175	 76380.334	    66.915
                 168	544510.380	 76377.570	     3.536
                 104	544487.464	 76367.296	    25.114
**--------------------------------------------------------------------
    1560.016845		

*
I_22_3,              	544517.495	 76365.684
----------------------------------------------------------------------
                 101	544526.769	 76353.626
                 102	544498.188	 76365.535	    30.963
                 111	544516.974	 76373.958	    20.588
                 112	544520.826	 76372.353	     4.173
                 101	544526.769	 76353.626	    19.647
**--------------------------------------------------------------------
     263.529063		

	***
***
