*
I_051_13,            	545906.311	 76036.694
----------------------------------------------------------------------
                 120	545841.355	 76175.653
                 103	545860.524	 76183.193	    20.599
                 104	545926.880	 76012.510	   183.128
                 105	545898.543	 76001.494	    30.403
                 118	545891.885	 76021.010	    20.620
                 119	545900.220	 76024.250	     8.943
                 120	545841.355	 76175.653	   162.444
**--------------------------------------------------------------------
    3964.038134		

*
I_051_14,            	545896.133	 76002.605
----------------------------------------------------------------------
                 117	545888.585	 76019.726
                 118	545891.885	 76021.010	     3.541
                 105	545898.543	 76001.494	    20.620
                 106	545895.243	 76000.211	     3.541
                 117	545888.585	 76019.726	    20.620
**--------------------------------------------------------------------
      72.946693		

*
I_051_15,            	545891.015	 76005.437
----------------------------------------------------------------------
                 116	545885.282	 76018.442
                 117	545888.585	 76019.726	     3.544
                 106	545895.243	 76000.211	    20.620
                 107	545891.941	 75998.927	     3.543
                 116	545885.282	 76018.442	    20.620
**--------------------------------------------------------------------
      72.997802		

*
I_051_16,            	545887.136	 76008.373
----------------------------------------------------------------------
                 108	545888.642	 75997.645
                 115	545881.984	 76017.160	    20.620
                 116	545885.282	 76018.442	     3.538
                 107	545891.941	 75998.927	    20.620
                 108	545888.642	 75997.645	     3.539
**--------------------------------------------------------------------
      72.906425		

*
I_051_17,            	545880.452	 76013.821
----------------------------------------------------------------------
                 109	545885.339	 75996.361
                 114	545878.680	 76015.875	    20.619
                 115	545881.984	 76017.160	     3.545
                 108	545888.642	 75997.645	    20.620
                 109	545885.339	 75996.361	     3.544
**--------------------------------------------------------------------
      73.018994		

*
I_051_18,            	545833.734	 75987.720
----------------------------------------------------------------------
                 112	545825.433	 75995.173
                 113	545836.038	 75999.289	    11.376
                 110	545842.692	 75979.782	    20.611
                 111	545832.107	 75975.667	    11.357
                 112	545825.433	 75995.173	    20.616
**--------------------------------------------------------------------
     234.097060		

*
I_051_23,            	545862.290	 75998.140
----------------------------------------------------------------------
                 110	545842.692	 75979.782
                 113	545836.038	 75999.289	    20.611
                 114	545878.680	 76015.875	    45.754
                 109	545885.339	 75996.361	    20.619
                 110	545842.692	 75979.782	    45.756
**--------------------------------------------------------------------
     942.396929		

*
I_052,               	545849.070	 76183.635
----------------------------------------------------------------------
                 122	545828.061	 76182.249
                 142	545858.280	 76193.880	    32.380
                 101	545865.392	 76196.618	     7.621
                 102	545869.273	 76186.635	    10.711
                 103	545860.524	 76183.193	     9.402
                 120	545841.355	 76175.653	    20.599
                 139	545839.390	 76174.880	     2.112
                 143	545836.090	 76173.590	     3.543
                 144	545832.790	 76172.290	     3.547
                 121	545832.050	 76171.990	     0.798
                 122	545828.061	 76182.249	    11.007
**--------------------------------------------------------------------
     434.272929		

	***
***
