*
I_0688_2,            	551063.213	 73922.988
----------------------------------------------------------------------
                 102	551036.588	 73913.682
                 101	551189.792	 74041.626	   199.602
                 110	551201.341	 74025.212	    20.070
                 109	551048.136	 73897.269	   199.603
                 102	551036.588	 73913.682	    20.068
**--------------------------------------------------------------------
    3992.177571		

*
I_0688_3,            	550787.411	 73691.601
----------------------------------------------------------------------
                 106	550486.461	 73293.276
                 105	550498.902	 73320.793	    30.199
                 104	550514.610	 73327.850	    17.220
                 103	550626.812	 73571.468	   268.215
                 102	551036.588	 73913.682	   533.879
                 109	551048.136	 73897.269	    20.068
                 108	550643.090	 73559.010	   527.713
                 107	550529.640	 73312.670	   271.209
                 106	550486.461	 73293.276	    47.334
**--------------------------------------------------------------------
   16654.630645		

	***
***
