*
068_6_I,             	550420.387	 71567.256
----------------------------------------------------------------------
                 114	550417.809	 71563.430
                 113	550415.110	 71569.065	     6.248
                 160	550423.230	 71572.440	     8.793
                 159	550426.180	 71566.900	     6.276
                 114	550417.809	 71563.430	     9.062
**--------------------------------------------------------------------
      55.738583		

*
068_7_I,             	550403.044	 71470.580
----------------------------------------------------------------------
                 118	550396.359	 71394.638
                 117	550351.838	 71484.181	   100.000
                 116	550435.806	 71525.930	    93.774
                 115	550431.873	 71534.069	     9.039
                 114	550417.809	 71563.430	    32.556
                 159	550426.180	 71566.900	     9.062
                 119	550488.940	 71440.670	   140.971
                 118	550396.359	 71394.638	   103.393
**--------------------------------------------------------------------
   10725.166714		

*
068_9_I,             	550324.450	 71758.023
----------------------------------------------------------------------
                 102	550306.805	 71780.167
                 101	550293.839	 71807.220	    30.000
                 173	550297.990	 71818.160	    11.701
                 157	550336.330	 71742.910	    84.454
                 155	550374.490	 71668.070	    84.007
                 107	550366.884	 71664.909	     8.237
                 106	550349.962	 71699.300	    38.329
                 105	550329.460	 71740.533	    46.049
                 104	550315.181	 71769.632	    32.414
                 103	550309.510	 71781.464	    13.121
                 102	550306.805	 71780.167	     3.000
**--------------------------------------------------------------------
    1265.975347		

*
068_10_I,            	550379.060	 71646.957
----------------------------------------------------------------------
                 107	550366.884	 71664.909
                 155	550374.490	 71668.070	     8.237
                 154	550392.140	 71633.440	    38.868
                 109	550384.469	 71630.252	     8.307
                 108	550368.825	 71660.964	    34.467
                 107	550366.884	 71664.909	     4.397
**--------------------------------------------------------------------
     321.602923		

*
068_11_I,            	550394.927	 71616.331
----------------------------------------------------------------------
                 109	550384.469	 71630.252
                 154	550392.140	 71633.440	     8.307
                 142	550406.280	 71605.700	    31.136
                 110	550398.563	 71602.493	     8.357
                 111	550396.770	 71606.104	     4.032
                 109	550384.469	 71630.252	    27.101
**--------------------------------------------------------------------
     258.082987		

*
068_12_I,            	550413.007	 71584.598
----------------------------------------------------------------------
                 112	550413.857	 71571.680
                 110	550398.563	 71602.493	    34.400
                 142	550406.280	 71605.700	     8.357
                 160	550423.230	 71572.440	    37.330
                 113	550415.110	 71569.065	     8.793
                 112	550413.857	 71571.680	     2.900
**--------------------------------------------------------------------
     318.461217		

	***
***
