*
II_0647_8,           	552192.759	 74511.607
tervezett HHE-Hobol-1 CH kútvezeték,	552202.507	 74571.041
----------------------------------------------------------------------
                 104	552189.939	 74404.665
                 103	552170.079	 74407.058	    20.004
                 112	552214.901	 74756.090	   351.898
                 111	552234.788	 74753.916	    20.005
                 104	552189.939	 74404.665	   352.119
**--------------------------------------------------------------------
    7041.045465		

*
I_0647_7,            	552814.664	 74092.512
tervezett HHE-Hobol-2 CH kútvezeték,	552632.512	 74116.648
----------------------------------------------------------------------
                 113	552927.490	 74072.040
                 105	552586.960	 74110.895	   342.740
                 106	552589.624	 74130.716	    19.999
                 116	552928.400	 74092.060	   340.974
                 115	552968.770	 74093.000	    40.381
                 114	552969.230	 74073.000	    20.005
                 113	552927.490	 74072.040	    41.751
**--------------------------------------------------------------------
    7656.610465		

*
I_0647_8,            	552231.267	 74164.393
tervezett HHE-Hobol-1 CH kútvezetéktervezett HHE-Hobol-2 CH kútvezeték,	552136.402	 74171.843
----------------------------------------------------------------------
                 109	552126.687	 74163.414
                 108	552129.221	 74183.861	    20.603
                 107	552141.240	 74182.490	    12.097
                 102	552169.539	 74402.855	   222.175
                 101	552189.405	 74400.506	    20.004
                 110	552161.040	 74179.620	   222.700
                 106	552589.624	 74130.716	   431.365
                 105	552586.960	 74110.895	    19.999
                 109	552126.687	 74163.414	   463.260
**--------------------------------------------------------------------
   13728.253737		

	***
***
