*
II_016,              	548364.248	 72931.507
----------------------------------------------------------------------
                 124	548356.580	 72921.667
                 126	548352.617	 72931.514	    10.615
                 125	548370.321	 72941.099	    20.132
                 123	548374.299	 72931.215	    10.654
                 124	548356.580	 72921.667	    20.128
**--------------------------------------------------------------------
     212.716592		

*
II_021,              	548448.875	 72718.232
----------------------------------------------------------------------
                 122	548477.431	 72621.381
                 124	548356.580	 72921.667	   323.692
                 123	548374.299	 72931.215	    20.128
                 121	548496.270	 72628.150	   326.688
                 120	548544.802	 72475.246	   160.421
                 119	548529.667	 72456.812	    23.851
                 122	548477.431	 72621.381	   172.660
**--------------------------------------------------------------------
    9836.229010		

*
I_016,               	548316.469	 72400.872
----------------------------------------------------------------------
                 126	548304.523	 72418.176
                 127	548317.570	 72417.160	    13.086
                 118	548326.829	 72390.158	    28.545
                 113	548313.786	 72391.174	    13.083
                 126	548304.523	 72418.176	    28.547
**--------------------------------------------------------------------
     342.831914		

*
I_021,               	548378.261	 72396.313
----------------------------------------------------------------------
                 118	548326.829	 72390.158
                 127	548317.570	 72417.160	    28.545
                  75	548486.321	 72404.022	   169.262
                 117	548466.036	 72379.317	    31.966
                 118	548326.829	 72390.158	   139.628
**--------------------------------------------------------------------
    4046.994190		

*
I_025_5,             	547989.275	 72431.768
----------------------------------------------------------------------
                 104	547991.405	 72420.639
                 105	547972.431	 72426.272	    19.793
                  56	547974.041	 72453.121	    26.897
                  28	548016.110	 72440.630	    43.884
                 122	548043.749	 72438.478	    27.723
                 104	547991.405	 72420.639	    55.300
**--------------------------------------------------------------------
    1136.895000		

*
I_025_7,             	548049.041	 72421.638
----------------------------------------------------------------------
                 109	548011.310	 72414.730
                 110	548002.888	 72417.230	     8.785
                 123	548061.132	 72437.125	    61.548
                 124	548109.439	 72433.364	    48.453
                 108	548047.596	 72411.904	    65.461
                 109	548011.310	 72414.730	    36.396
**--------------------------------------------------------------------
    1267.923688		

*
I_025_9,             	548212.132	 72408.976
----------------------------------------------------------------------
                 113	548313.786	 72391.174
                 114	548066.115	 72410.462	   248.421
                 125	548128.051	 72431.915	    65.546
                 126	548304.523	 72418.176	   177.006
                 113	548313.786	 72391.174	    28.547
**--------------------------------------------------------------------
    5572.870059		

*
I_08,                	548354.456	 72954.131
----------------------------------------------------------------------
                 128	548275.733	 72975.723
                 129	548268.267	 72994.277	    20.000
                 130	548337.675	 73022.210	    74.818
                 125	548370.321	 72941.099	    87.434
                 126	548352.617	 72931.514	    20.132
                 127	548326.589	 72996.190	    69.717
                 128	548275.733	 72975.723	    54.820
**--------------------------------------------------------------------
    2867.933759		

	***
***
