*
I_056_2,             	545579.971	 76143.988
----------------------------------------------------------------------
                  20	545387.535	 76059.177
                  19	545382.133	 76078.535	    20.098
                  17	545639.938	 76178.767	   276.604
                  18	545645.340	 76159.413	    20.094
                  20	545387.535	 76059.177	   276.606
**--------------------------------------------------------------------
    5531.537648		

*
I_056_3,             	545683.079	 76184.688
----------------------------------------------------------------------
                  17	545639.938	 76178.767
                  82	545823.720	 76250.220	   197.184
                  73	545851.667	 76261.086	    29.985
                  76	545853.692	 76240.507	    20.678
                  92	545840.290	 76235.240	    14.400
                  55	545856.618	 76193.240	    45.062
                  57	545837.394	 76185.841	    20.599
                  74	545821.100	 76227.750	    44.965
                  18	545645.340	 76159.413	   188.578
                  17	545639.938	 76178.767	    20.094
**--------------------------------------------------------------------
    5432.210725		

	***
***
